#
# There is insufficient memory for the Java Runtime Environment to continue.
# Native memory allocation (mmap) failed to map 255852544 bytes for G1 virtual space
# Possible reasons:
#   The system is out of physical RAM or swap space
#   The process is running with CompressedOops enabled, and the Java Heap may be blocking the growth of the native heap
# Possible solutions:
#   Reduce memory load on the system
#   Increase physical memory or swap space
#   Check if swap backing store is full
#   Decrease Java heap size (-Xmx/-Xms)
#   Decrease number of Java threads
#   Decrease Java thread stack sizes (-Xss)
#   Set larger code cache with -XX:ReservedCodeCacheSize=
#   JVM is running with Zero Based Compressed Oops mode in which the Java heap is
#     placed in the first 32GB address space. The Java Heap base address is the
#     maximum limit for the native heap growth. Please use -XX:HeapBaseMinAddress
#     to set the Java Heap base and to place the Java Heap above 32GB virtual address.
# This output file may be truncated or incomplete.
#
#  Out of Memory Error (os_windows.cpp:3550), pid=12988, tid=21584
#
# JRE version:  (17.0.8+9) (build )
# Java VM: Java HotSpot(TM) 64-Bit Server VM (17.0.8+9-LTS-211, mixed mode, sharing, tiered, compressed oops, compressed class ptrs, g1 gc, windows-amd64)
# No core dump will be written. Minidumps are not enabled by default on client versions of Windows
#

---------------  S U M M A R Y ------------

Command Line: -Dfile.encoding=UTF-8 --module-path=C:\Users\maeepp\Documents\NetBeansProjects\22090116-DenyFaishalArdiyanto\build\classes daftar_barang.masukan_produk

Host: AMD Ryzen 7 6800H with Radeon Graphics         , 16 cores, 15G,  Windows 11 , 64 bit Build 22621 (10.0.22621.2506)
Time: Thu Dec 28 20:46:51 2023 SE Asia Standard Time elapsed time: 0.010789 seconds (0d 0h 0m 0s)

---------------  T H R E A D  ---------------

Current thread (0x00000233447a9390):  JavaThread "Unknown thread" [_thread_in_vm, id=21584, stack(0x000000e146100000,0x000000e146200000)]

Stack: [0x000000e146100000,0x000000e146200000]
Native frames: (J=compiled Java code, j=interpreted, Vv=VM code, C=native code)
V  [jvm.dll+0x677d0a]
V  [jvm.dll+0x7d8c54]
V  [jvm.dll+0x7da3fe]
V  [jvm.dll+0x7daa63]
V  [jvm.dll+0x245c5f]
V  [jvm.dll+0x674bb9]
V  [jvm.dll+0x6694f2]
V  [jvm.dll+0x3031d6]
V  [jvm.dll+0x30a756]
V  [jvm.dll+0x359f9e]
V  [jvm.dll+0x35a1cf]
V  [jvm.dll+0x2da3e8]
V  [jvm.dll+0x2db354]
V  [jvm.dll+0x7aa711]
V  [jvm.dll+0x367b51]
V  [jvm.dll+0x789979]
V  [jvm.dll+0x3eb05f]
V  [jvm.dll+0x3ecae1]
C  [jli.dll+0x5297]
C  [ucrtbase.dll+0x29363]
C  [KERNEL32.DLL+0x1257d]
C  [ntdll.dll+0x5aa58]


---------------  P R O C E S S  ---------------

Threads class SMR info:
_java_thread_list=0x00007ffa467159d8, length=0, elements={
}

Java Threads: ( => current thread )

Other Threads:
  0x0000023344813500 GCTaskThread "GC Thread#0" [stack: 0x000000e146200000,0x000000e146300000] [id=20580]
  0x0000023344823840 ConcurrentGCThread "G1 Main Marker" [stack: 0x000000e146300000,0x000000e146400000] [id=23916]
  0x0000023344825260 ConcurrentGCThread "G1 Conc#0" [stack: 0x000000e146400000,0x000000e146500000] [id=27200]

[error occurred during error reporting (printing all threads), id 0xc0000005, EXCEPTION_ACCESS_VIOLATION (0xc0000005) at pc=0x00007ffa45f4b047]

VM state: not at safepoint (not fully initialized)

VM Mutex/Monitor currently owned by a thread:  ([mutex/lock_event])
[0x00000233447a5f50] Heap_lock - owner thread: 0x00000233447a9390

Heap address: 0x000000070c000000, size: 3904 MB, Compressed Oops mode: Zero based, Oop shift amount: 3

CDS archive(s) mapped at: [0x0000000000000000-0x0000000000000000-0x0000000000000000), size 0, SharedBaseAddress: 0x0000000800000000, ArchiveRelocationMode: 1.
Narrow klass base: 0x0000000000000000, Narrow klass shift: 0, Narrow klass range: 0x0

GC Precious Log:
<Empty>

Heap:
 garbage-first heap   total 0K, used 0K [0x000000070c000000, 0x0000000800000000)
  region size 2048K, 0 young (0K), 0 survivors (0K)

[error occurred during error reporting (printing heap information), id 0xc0000005, EXCEPTION_ACCESS_VIOLATION (0xc0000005) at pc=0x00007ffa46331499]

GC Heap History (0 events):
No events

Deoptimization events (0 events):
No events

Classes unloaded (0 events):
No events

Classes redefined (0 events):
No events

Internal exceptions (0 events):
No events

VM Operations (0 events):
No events

Events (1 events):
Event: 0.007 Loaded shared library C:\Program Files\Java\jdk-17\bin\java.dll


Dynamic libraries:
0x00007ff69f6e0000 - 0x00007ff69f6f0000 	C:\Program Files\Java\jdk-17\bin\java.exe
0x00007ffad5d30000 - 0x00007ffad5f47000 	C:\Windows\SYSTEM32\ntdll.dll
0x00007ffad59c0000 - 0x00007ffad5a84000 	C:\Windows\System32\KERNEL32.DLL
0x00007ffad3510000 - 0x00007ffad38b6000 	C:\Windows\System32\KERNELBASE.dll
0x00007ffad3240000 - 0x00007ffad3351000 	C:\Windows\System32\ucrtbase.dll
0x00007ffac1460000 - 0x00007ffac147b000 	C:\Program Files\Java\jdk-17\bin\VCRUNTIME140.dll
0x00007ffacdbc0000 - 0x00007ffacdbd9000 	C:\Program Files\Java\jdk-17\bin\jli.dll
0x00007ffad5c30000 - 0x00007ffad5ce1000 	C:\Windows\System32\ADVAPI32.dll
0x00007ffad5b40000 - 0x00007ffad5be7000 	C:\Windows\System32\msvcrt.dll
0x00007ffad49a0000 - 0x00007ffad4a45000 	C:\Windows\System32\sechost.dll
0x00007ffad5390000 - 0x00007ffad54a7000 	C:\Windows\System32\RPCRT4.dll
0x00007ffad4d20000 - 0x00007ffad4ece000 	C:\Windows\System32\USER32.dll
0x00007ffad30a0000 - 0x00007ffad30c6000 	C:\Windows\System32\win32u.dll
0x00007ffac0dc0000 - 0x00007ffac1053000 	C:\Windows\WinSxS\amd64_microsoft.windows.common-controls_6595b64144ccf1df_6.0.22621.2506_none_270c5ae97388e100\COMCTL32.dll
0x00007ffad4080000 - 0x00007ffad40a9000 	C:\Windows\System32\GDI32.dll
0x00007ffad3960000 - 0x00007ffad3a78000 	C:\Windows\System32\gdi32full.dll
0x00007ffad38c0000 - 0x00007ffad395a000 	C:\Windows\System32\msvcp_win.dll
0x00007ffacc530000 - 0x00007ffacc53a000 	C:\Windows\SYSTEM32\VERSION.dll
0x00007ffad5bf0000 - 0x00007ffad5c21000 	C:\Windows\System32\IMM32.DLL
0x00007ffacc460000 - 0x00007ffacc46c000 	C:\Program Files\Java\jdk-17\bin\vcruntime140_1.dll
0x00007ffa45a30000 - 0x00007ffa45abe000 	C:\Program Files\Java\jdk-17\bin\msvcp140.dll
0x00007ffa45c60000 - 0x00007ffa4683e000 	C:\Program Files\Java\jdk-17\bin\server\jvm.dll
0x00007ffad4a70000 - 0x00007ffad4a78000 	C:\Windows\System32\PSAPI.DLL
0x00007ffacc640000 - 0x00007ffacc674000 	C:\Windows\SYSTEM32\WINMM.dll
0x00007ffab7ed0000 - 0x00007ffab7ed9000 	C:\Windows\SYSTEM32\WSOCK32.dll
0x00007ffad54d0000 - 0x00007ffad5541000 	C:\Windows\System32\WS2_32.dll
0x00007ffad2070000 - 0x00007ffad2088000 	C:\Windows\SYSTEM32\kernel.appcore.dll
0x00007ffac1450000 - 0x00007ffac145a000 	C:\Program Files\Java\jdk-17\bin\jimage.dll
0x00007ffac9a80000 - 0x00007ffac9cb3000 	C:\Windows\SYSTEM32\DBGHELP.DLL
0x00007ffad5570000 - 0x00007ffad58f9000 	C:\Windows\System32\combase.dll
0x00007ffad4c40000 - 0x00007ffad4d17000 	C:\Windows\System32\OLEAUT32.dll
0x00007ffac9850000 - 0x00007ffac9882000 	C:\Windows\SYSTEM32\dbgcore.DLL
0x00007ffad3490000 - 0x00007ffad350a000 	C:\Windows\System32\bcryptPrimitives.dll
0x00007ffa7d490000 - 0x00007ffa7d4b5000 	C:\Program Files\Java\jdk-17\bin\java.dll

dbghelp: loaded successfully - version: 4.0.5 - missing functions: none
symbol engine: initialized successfully - sym options: 0x614 - pdb path: .;C:\Program Files\Java\jdk-17\bin;C:\Windows\SYSTEM32;C:\Windows\WinSxS\amd64_microsoft.windows.common-controls_6595b64144ccf1df_6.0.22621.2506_none_270c5ae97388e100;C:\Program Files\Java\jdk-17\bin\server

VM Arguments:
jvm_args: -Dfile.encoding=UTF-8 --module-path=C:\Users\maeepp\Documents\NetBeansProjects\22090116-DenyFaishalArdiyanto\build\classes 
java_command: daftar_barang.masukan_produk
java_class_path (initial): C:\Users\maeepp\Documents\mysql-connector-java-5.1.49\mysql-connector-java-5.1.49.jar;C:\Users\maeepp\Documents\NetBeansProjects\22090116-DenyFaishalArdiyanto\build\classes
Launcher Type: SUN_STANDARD

[Global flags]
     intx CICompilerCount                          = 12                                        {product} {ergonomic}
     uint ConcGCThreads                            = 3                                         {product} {ergonomic}
     uint G1ConcRefinementThreads                  = 13                                        {product} {ergonomic}
   size_t G1HeapRegionSize                         = 2097152                                   {product} {ergonomic}
    uintx GCDrainStackTargetSize                   = 64                                        {product} {ergonomic}
   size_t InitialHeapSize                          = 255852544                                 {product} {ergonomic}
   size_t MarkStackSize                            = 4194304                                   {product} {ergonomic}
   size_t MaxHeapSize                              = 4093640704                                {product} {ergonomic}
   size_t MinHeapDeltaBytes                        = 2097152                                   {product} {ergonomic}
   size_t MinHeapSize                              = 8388608                                   {product} {ergonomic}
    uintx NonNMethodCodeHeapSize                   = 7602480                                {pd product} {ergonomic}
    uintx NonProfiledCodeHeapSize                  = 122027880                              {pd product} {ergonomic}
    uintx ProfiledCodeHeapSize                     = 122027880                              {pd product} {ergonomic}
    uintx ReservedCodeCacheSize                    = 251658240                              {pd product} {ergonomic}
     bool SegmentedCodeCache                       = true                                      {product} {ergonomic}
   size_t SoftMaxHeapSize                          = 4093640704                             {manageable} {ergonomic}
     bool UseCompressedClassPointers               = true                           {product lp64_product} {ergonomic}
     bool UseCompressedOops                        = true                           {product lp64_product} {ergonomic}
     bool UseG1GC                                  = true                                      {product} {ergonomic}
     bool UseLargePagesIndividualAllocation        = false                                  {pd product} {ergonomic}

Logging:
Log output configuration:
 #0: stdout all=warning uptime,level,tags
 #1: stderr all=off uptime,level,tags

Environment Variables:
PATH=C:\Program Files\Common Files\Oracle\Java\javapath;C:\Program Files (x86)\Common Files\Intel\Shared Libraries\redist\intel64\compiler;C:\Windows\system32;C:\Windows;C:\Windows\System32\Wbem;C:\Windows\System32\WindowsPowerShell\v1.0\;C:\Windows\System32\OpenSSH\;C:\Program Files (x86)\NVIDIA Corporation\PhysX\Common;C:\Program Files\NVIDIA Corporation\NVIDIA NvDLISR;C:\Program Files\Git\cmd;C:\php;C:\Program Files\Go\bin;C:\ProgramData\chocolatey\bin;C:\Program Files\nodejs\;C:\Program Files\dotnet\;C:\Users\maeepp\AppData\Local\Programs\Python\Python311\Scripts\;C:\Users\maeepp\AppData\Local\Programs\Python\Python311\;C:\Users\maeepp\AppData\Local\Programs\Python\Python312\Scripts\;C:\Users\maeepp\AppData\Local\Programs\Python\Python312\;C:\Users\maeepp\AppData\Local\Microsoft\WindowsApps;C:\Users\maeepp\AppData\Local\Programs\Microsoft VS Code\bin;C:\Users\maeepp\AppData\Local\Programs\oh-my-posh\bin;C:\Users\maeepp\go\bin;C:\Users\maeepp\AppData\Roaming\npm;C:\Users\maeepp\AppData\Local\spicetify;
USERNAME=maeepp
OS=Windows_NT
PROCESSOR_IDENTIFIER=AMD64 Family 25 Model 68 Stepping 1, AuthenticAMD



---------------  S Y S T E M  ---------------

OS:
 Windows 11 , 64 bit Build 22621 (10.0.22621.2506)
OS uptime: 0 days 6:57 hours
Hyper-V role detected

CPU: total 16 (initial active 16) (16 cores per cpu, 2 threads per core) family 25 model 68 stepping 1 microcode 0x0, cx8, cmov, fxsr, ht, mmx, 3dnowpref, sse, sse2, sse3, ssse3, sse4a, sse4.1, sse4.2, popcnt, lzcnt, tsc, tscinvbit, avx, avx2, aes, clmul, bmi1, bmi2, adx, sha, fma, vzeroupper, clflush, clflushopt, hv

Memory: 4k page, system-wide physical 15613M (7912M free)
TotalPageFile size 62639M (AvailPageFile size 170M)
current process WorkingSet (physical memory assigned to process): 11M, peak: 11M
current process commit charge ("private bytes"): 70M, peak: 314M

vm_info: Java HotSpot(TM) 64-Bit Server VM (17.0.8+9-LTS-211) for windows-amd64 JRE (17.0.8+9-LTS-211), built on Jun 14 2023 10:34:31 by "mach5one" with MS VC++ 17.1 (VS2022)

END.
